0 info it worked if it ends with ok
1 verbose cli [ '/usr/local/bin/node',
1 verbose cli   '/usr/local/bin/npm',
1 verbose cli   'install',
1 verbose cli   'mongoose' ]
2 info using npm@1.4.3
3 info using node@v0.10.26
4 verbose readDependencies using package.json deps
5 verbose cache add [ 'mongoose', null ]
6 verbose cache add name=undefined spec="mongoose" args=["mongoose",null]
7 verbose parsed url { protocol: null,
7 verbose parsed url   slashes: null,
7 verbose parsed url   auth: null,
7 verbose parsed url   host: null,
7 verbose parsed url   port: null,
7 verbose parsed url   hostname: null,
7 verbose parsed url   hash: null,
7 verbose parsed url   search: null,
7 verbose parsed url   query: null,
7 verbose parsed url   pathname: 'mongoose',
7 verbose parsed url   path: 'mongoose',
7 verbose parsed url   href: 'mongoose' }
8 silly lockFile f25dbdd3-mongoose mongoose
9 verbose lock mongoose /home/pcs/.npm/f25dbdd3-mongoose.lock
10 silly lockFile f25dbdd3-mongoose mongoose
11 silly lockFile f25dbdd3-mongoose mongoose
12 verbose addNamed [ 'mongoose', '' ]
13 verbose addNamed [ null, '*' ]
14 silly lockFile 3bb0fc31-mongoose mongoose@
15 verbose lock mongoose@ /home/pcs/.npm/3bb0fc31-mongoose.lock
16 silly addNameRange { name: 'mongoose', range: '*', hasData: false }
17 verbose url raw mongoose
18 verbose url resolving [ 'https://registry.npmjs.org/', './mongoose' ]
19 verbose url resolved https://registry.npmjs.org/mongoose
20 info trying registry request attempt 1 at 07:35:09
21 http GET https://registry.npmjs.org/mongoose
22 http 200 https://registry.npmjs.org/mongoose
23 silly registry.get cb [ 200,
23 silly registry.get   { date: 'Mon, 21 Jul 2014 22:35:09 GMT',
23 silly registry.get     server: 'CouchDB/1.5.0 (Erlang OTP/R16B03)',
23 silly registry.get     etag: '"445DRRP39I71DJVJ3MITK6R5M"',
23 silly registry.get     'content-type': 'application/json',
23 silly registry.get     'cache-control': 'max-age=60',
23 silly registry.get     'content-length': '257994',
23 silly registry.get     'accept-ranges': 'bytes',
23 silly registry.get     via: '1.1 varnish',
23 silly registry.get     age: '651',
23 silly registry.get     'x-served-by': 'cache-ty68-TYO',
23 silly registry.get     'x-cache': 'MISS',
23 silly registry.get     'x-cache-hits': '0',
23 silly registry.get     'x-timer': 'S1405982109.499678,VS0,VE190',
23 silly registry.get     vary: 'Accept',
23 silly registry.get     'keep-alive': 'timeout=10, max=50',
23 silly registry.get     connection: 'Keep-Alive' } ]
24 silly addNameRange number 2 { name: 'mongoose', range: '*', hasData: true }
25 silly addNameRange versions [ 'mongoose',
25 silly addNameRange   [ '0.0.1',
25 silly addNameRange     '0.0.2',
25 silly addNameRange     '0.0.3',
25 silly addNameRange     '0.0.4',
25 silly addNameRange     '0.0.5',
25 silly addNameRange     '1.0.0',
25 silly addNameRange     '1.0.1',
25 silly addNameRange     '1.0.2',
25 silly addNameRange     '0.0.6',
25 silly addNameRange     '1.0.3',
25 silly addNameRange     '1.0.4',
25 silly addNameRange     '1.0.5',
25 silly addNameRange     '1.0.6',
25 silly addNameRange     '1.0.7',
25 silly addNameRange     '1.0.8',
25 silly addNameRange     '1.0.10',
25 silly addNameRange     '1.0.11',
25 silly addNameRange     '1.0.12',
25 silly addNameRange     '1.0.13',
25 silly addNameRange     '1.0.14',
25 silly addNameRange     '1.0.15',
25 silly addNameRange     '1.0.16',
25 silly addNameRange     '1.1.0',
25 silly addNameRange     '1.1.1',
25 silly addNameRange     '1.1.2',
25 silly addNameRange     '1.1.3',
25 silly addNameRange     '1.1.4',
25 silly addNameRange     '1.1.5',
25 silly addNameRange     '1.1.6',
25 silly addNameRange     '1.1.7',
25 silly addNameRange     '1.1.8',
25 silly addNameRange     '1.1.9',
25 silly addNameRange     '1.1.10',
25 silly addNameRange     '1.1.11',
25 silly addNameRange     '1.1.12',
25 silly addNameRange     '1.1.13',
25 silly addNameRange     '1.1.14',
25 silly addNameRange     '1.1.15',
25 silly addNameRange     '1.1.16',
25 silly addNameRange     '1.1.17',
25 silly addNameRange     '1.1.18',
25 silly addNameRange     '1.1.19',
25 silly addNameRange     '1.1.20',
25 silly addNameRange     '1.1.21',
25 silly addNameRange     '1.1.22',
25 silly addNameRange     '1.1.23',
25 silly addNameRange     '1.1.24',
25 silly addNameRange     '1.1.25',
25 silly addNameRange     '1.2.0',
25 silly addNameRange     '1.3.0',
25 silly addNameRange     '1.3.1',
25 silly addNameRange     '1.3.2',
25 silly addNameRange     '1.3.3',
25 silly addNameRange     '1.3.4',
25 silly addNameRange     '1.3.5',
25 silly addNameRange     '1.3.6',
25 silly addNameRange     '1.3.7',
25 silly addNameRange     '1.4.0',
25 silly addNameRange     '1.5.0',
25 silly addNameRange     '1.6.0',
25 silly addNameRange     '1.7.2',
25 silly addNameRange     '1.7.3',
25 silly addNameRange     '1.7.4',
25 silly addNameRange     '1.8.0',
25 silly addNameRange     '1.8.1',
25 silly addNameRange     '1.8.2',
25 silly addNameRange     '1.8.3',
25 silly addNameRange     '1.8.4',
25 silly addNameRange     '2.0.0',
25 silly addNameRange     '2.0.1',
25 silly addNameRange     '2.0.2',
25 silly addNameRange     '2.0.3',
25 silly addNameRange     '2.0.4',
25 silly addNameRange     '2.1.0',
25 silly addNameRange     '2.1.1',
25 silly addNameRange     '2.1.2',
25 silly addNameRange     '2.1.3',
25 silly addNameRange     '2.1.4',
25 silly addNameRange     '2.2.0',
25 silly addNameRange     '2.2.1',
25 silly addNameRange     '2.2.2',
25 silly addNameRange     '2.2.3',
25 silly addNameRange     '2.2.4',
25 silly addNameRange     '2.3.0',
25 silly addNameRange     '2.3.1',
25 silly addNameRange     '2.3.2',
25 silly addNameRange     '2.3.3',
25 silly addNameRange     '2.3.4',
25 silly addNameRange     '2.3.5',
25 silly addNameRange     '2.3.6',
25 silly addNameRange     '2.3.7',
25 silly addNameRange     '2.3.8',
25 silly addNameRange     '2.3.9',
25 silly addNameRange     '2.3.10',
25 silly addNameRange     '2.3.11',
25 silly addNameRange     '2.3.12',
25 silly addNameRange     '2.3.13',
25 silly addNameRange     '2.4.0',
25 silly addNameRange     '2.4.1',
25 silly addNameRange     '2.4.2',
25 silly addNameRange     '2.4.3',
25 silly addNameRange     '2.4.4',
25 silly addNameRange     '2.4.5',
25 silly addNameRange     '2.4.6',
25 silly addNameRange     '2.4.7',
25 silly addNameRange     '2.4.8',
25 silly addNameRange     '2.4.9',
25 silly addNameRange     '2.4.10',
25 silly addNameRange     '2.5.0',
25 silly addNameRange     '2.5.1',
25 silly addNameRange     '2.5.2',
25 silly addNameRange     '2.5.3',
25 silly addNameRange     '2.5.4',
25 silly addNameRange     '2.5.5',
25 silly addNameRange     '2.5.6',
25 silly addNameRange     '2.5.7',
25 silly addNameRange     '2.5.8',
25 silly addNameRange     '2.5.9',
25 silly addNameRange     '2.5.10',
25 silly addNameRange     '2.5.11',
25 silly addNameRange     '2.5.12',
25 silly addNameRange     '2.5.13',
25 silly addNameRange     '2.5.14',
25 silly addNameRange     '2.6.0',
25 silly addNameRange     '2.6.1',
25 silly addNameRange     '2.6.2',
25 silly addNameRange     '2.6.3',
25 silly addNameRange     '2.6.4',
25 silly addNameRange     '2.6.5',
25 silly addNameRange     '2.6.6',
25 silly addNameRange     '2.6.7',
25 silly addNameRange     '2.6.8',
25 silly addNameRange     '2.7.0',
25 silly addNameRange     '2.7.1',
25 silly addNameRange     '2.7.2',
25 silly addNameRange     '2.7.4',
25 silly addNameRange     '2.7.3',
25 silly addNameRange     '3.0.0',
25 silly addNameRange     '3.0.1',
25 silly addNameRange     '3.0.2',
25 silly addNameRange     '2.8.0',
25 silly addNameRange     '3.0.3',
25 silly addNameRange     '3.1.0',
25 silly addNameRange     '2.8.1',
25 silly addNameRange     '3.1.1',
25 silly addNameRange     '2.8.2',
25 silly addNameRange     '2.8.3',
25 silly addNameRange     '2.9.0',
25 silly addNameRange     '3.2.0',
25 silly addNameRange     '2.9.1',
25 silly addNameRange     '3.2.1',
25 silly addNameRange     '2.9.2',
25 silly addNameRange     '3.2.2',
25 silly addNameRange     '3.3.0',
25 silly addNameRange     '3.3.1',
25 silly addNameRange     '2.9.3',
25 silly addNameRange     '3.4.0',
25 silly addNameRange     '2.9.4',
25 silly addNameRange     '2.9.5',
25 silly addNameRange     '3.5.0',
25 silly addNameRange     '3.5.1',
25 silly addNameRange     '3.5.2',
25 silly addNameRange     '3.5.3',
25 silly addNameRange     '2.9.6',
25 silly addNameRange     '2.9.7',
25 silly addNameRange     '3.5.4',
25 silly addNameRange     '3.5.5',
25 silly addNameRange     '2.9.8',
25 silly addNameRange     '2.9.9',
25 silly addNameRange     '3.5.6',
25 silly addNameRange     '3.5.7',
25 silly addNameRange     '3.5.8',
25 silly addNameRange     '2.9.10',
25 silly addNameRange     '3.5.9',
25 silly addNameRange     '3.6.2',
25 silly addNameRange     '3.5.10',
25 silly addNameRange     '3.6.3',
25 silly addNameRange     '3.5.11',
25 silly addNameRange     '3.6.4',
25 silly addNameRange     '3.6.5',
25 silly addNameRange     '3.6.6',
25 silly addNameRange     '3.6.7',
25 silly addNameRange     '3.5.12',
25 silly addNameRange     '3.6.8',
25 silly addNameRange     '3.6.9',
25 silly addNameRange     '3.6.10',
25 silly addNameRange     '3.5.13',
25 silly addNameRange     '3.5.14',
25 silly addNameRange     '3.6.11',
25 silly addNameRange     '3.6.12',
25 silly addNameRange     '3.6.13',
25 silly addNameRange     '3.6.14',
25 silly addNameRange     '3.6.15',
25 silly addNameRange     '3.5.15',
25 silly addNameRange     '3.7.0',
25 silly addNameRange     '3.6.16',
25 silly addNameRange     '3.5.16',
25 silly addNameRange     '3.6.17',
25 silly addNameRange     '3.7.2',
25 silly addNameRange     '3.0.0-alpha1',
25 silly addNameRange     '3.0.0-alpha2',
25 silly addNameRange     '3.0.0-rc0',
25 silly addNameRange     '3.6.0-rc0',
25 silly addNameRange     '3.6.0-rc1',
25 silly addNameRange     '3.6.18',
25 silly addNameRange     '3.7.3',
25 silly addNameRange     '3.6.19',
25 silly addNameRange     '3.6.20',
25 silly addNameRange     '3.7.4',
25 silly addNameRange     '3.8.0',
25 silly addNameRange     '3.8.1',
25 silly addNameRange     '3.8.2',
25 silly addNameRange     '3.8.3',
25 silly addNameRange     '3.8.4',
25 silly addNameRange     '3.8.5',
25 silly addNameRange     '3.8.6',
25 silly addNameRange     '3.8.7',
25 silly addNameRange     '3.8.8',
25 silly addNameRange     '3.8.9',
25 silly addNameRange     '3.8.10',
25 silly addNameRange     '3.8.11',
25 silly addNameRange     '3.9.0',
25 silly addNameRange     '3.8.12',
25 silly addNameRange     '3.8.13' ] ]
26 verbose addNamed [ 'mongoose', '3.8.13' ]
27 verbose addNamed [ '3.8.13', '3.8.13' ]
28 silly lockFile 66f3cf95-mongoose-3-8-13 mongoose@3.8.13
29 verbose lock mongoose@3.8.13 /home/pcs/.npm/66f3cf95-mongoose-3-8-13.lock
30 silly lockFile 8f94bec6-org-mongoose-mongoose-3-8-13-tgz https://registry.npmjs.org/mongoose/-/mongoose-3.8.13.tgz
31 verbose lock https://registry.npmjs.org/mongoose/-/mongoose-3.8.13.tgz /home/pcs/.npm/8f94bec6-org-mongoose-mongoose-3-8-13-tgz.lock
32 verbose addRemoteTarball [ 'https://registry.npmjs.org/mongoose/-/mongoose-3.8.13.tgz',
32 verbose addRemoteTarball   'a484e4e1ced16b5f60d9f98808d49f7c0bcc5a98' ]
33 silly lockFile 8f94bec6-org-mongoose-mongoose-3-8-13-tgz https://registry.npmjs.org/mongoose/-/mongoose-3.8.13.tgz
34 silly lockFile 8f94bec6-org-mongoose-mongoose-3-8-13-tgz https://registry.npmjs.org/mongoose/-/mongoose-3.8.13.tgz
35 silly lockFile 66f3cf95-mongoose-3-8-13 mongoose@3.8.13
36 silly lockFile 66f3cf95-mongoose-3-8-13 mongoose@3.8.13
37 silly lockFile 3bb0fc31-mongoose mongoose@
38 silly lockFile 3bb0fc31-mongoose mongoose@
39 error Error: EACCES, mkdir '/home/pcs/tmp/npm-6811-tg9Vde1k'
39 error  { [Error: EACCES, mkdir '/home/pcs/tmp/npm-6811-tg9Vde1k']
39 error   errno: 3,
39 error   code: 'EACCES',
39 error   path: '/home/pcs/tmp/npm-6811-tg9Vde1k',
39 error   parent: 'application-name' }
40 error Please try running this command again as root/Administrator.
41 error System Linux 3.11.0-17-generic
42 error command "/usr/local/bin/node" "/usr/local/bin/npm" "install" "mongoose"
43 error cwd /home/pcs/Workspace/soma/NLPsoma
44 error node -v v0.10.26
45 error npm -v 1.4.3
46 error path /home/pcs/tmp/npm-6811-tg9Vde1k
47 error code EACCES
48 error errno 3
49 error stack Error: EACCES, mkdir '/home/pcs/tmp/npm-6811-tg9Vde1k'
50 verbose exit [ 3, true ]
